componentasystemtest/build/outputs/logs/manifest-merger-debug-report.txt
-- Merging decision tree log ---
manifest
ADDED from src/main/AndroidManifest.xml:2:1-228:12
INJECTED from src/main/AndroidManifest.xml:2:1-228:12
INJECTED from src/main/AndroidManifest.xml:2:1-228:12
INJECTED from src/main/AndroidManifest.xml:2:1-228:12
MERGED from [com.google.android.material:material:1.0.0-beta01] AndroidManifest.xml:17:1-24:12
MERGED from [androidx.appcompat:appcompat:1.0.0-beta01] AndroidManifest.xml:17:1-22:12
MERGED from [androidx.constraintlayout:constraintlayout:1.1.3] AndroidManifest.xml:2:1-11:12
MERGED from [androidx.palette:palette:1.0.0-beta01] AndroidManifest.xml:17:1-22:12
MERGED from [androidx.legacy:legacy-support-v4:1.0.0-beta01] AndroidManifest.xml:17:1-22:12
MERGED from [androidx.lifecycle:lifecycle-extensions:2.0.0] AndroidManifest.xml:17:1-25:12
MERGED from [androidx.lifecycle:lifecycle-process:2.0.0] AndroidManifest.xml:17:1-30:12
MERGED from [androidx.lifecycle:lifecycle-service:2.0.0] AndroidManifest.xml:17:1-22:12
MERGED from [androidx.vectordrawable:vectordrawable-animated:1.0.0-beta01] AndroidManifest.xml:17:1-22:12
MERGED from [androidx.vectordrawable:vectordrawable:1.0.0-beta01] AndroidManifest.xml:17:1-22:12
MERGED from [androidx.transition:transition:1.0.0-beta01] AndroidManifest.xml:17:1-22:12
MERGED from [androidx.recyclerview:recyclerview:1.0.0-beta01] AndroidManifest.xml:17:1-22:12
MERGED from [androidx.media:media:1.0.0-beta01] AndroidManifest.xml:17:1-22:12
MERGED from [androidx.fragment:fragment:1.0.0] AndroidManifest.xml:17:1-22:12
MERGED from [com.jakewharton:butterknife:10.1.0] AndroidManifest.xml:2:1-7:12
MERGED from [com.jakewharton:butterknife-runtime:10.1.0] AndroidManifest.xml:2:1-7:12
MERGED from [androidx.legacy:legacy-support-core-ui:1.0.0] AndroidManifest.xml:17:1-22:12
MERGED from [androidx.legacy:legacy-support-core-utils:1.0.0] AndroidManifest.xml:17:1-22:12
MERGED from [androidx.loader:loader:1.0.0] AndroidManifest.xml:17:1-22:12
MERGED from [androidx.viewpager:viewpager:1.0.0] AndroidManifest.xml:17:1-22:12
MERGED from [androidx.coordinatorlayout:coordinatorlayout:1.0.0] AndroidManifest.xml:17:1-22:12
MERGED from [androidx.drawerlayout:drawerlayout:1.0.0] AndroidManifest.xml:17:1-22:12
MERGED from [androidx.slidingpanelayout:slidingpanelayout:1.0.0] AndroidManifest.xml:17:1-22:12
MERGED from [androidx.customview:customview:1.0.0] AndroidManifest.xml:17:1-22:12
MERGED from [androidx.swiperefreshlayout:swiperefreshlayout:1.0.0] AndroidManifest.xml:17:1-22:12
MERGED from [androidx.asynclayoutinflater:asynclayoutinflater:1.0.0] AndroidManifest.xml:17:1-22:12
MERGED from [androidx.core:core:1.0.0] AndroidManifest.xml:17:1-24:12
MERGED from [androidx.lifecycle:lifecycle-runtime:2.0.0] AndroidManifest.xml:17:1-22:12
MERGED from [org.litepal.android:core:1.4.1] AndroidManifest.xml:2:1-16:12
MERGED from [androidx.cardview:cardview:1.0.0-beta01] AndroidManifest.xml:17:1-22:12
MERGED from [androidx.lifecycle:lifecycle-livedata:2.0.0] AndroidManifest.xml:17:1-22:12
MERGED from [androidx.lifecycle:lifecycle-livedata-core:2.0.0] AndroidManifest.xml:17:1-22:12
MERGED from [androidx.arch.core:core-runtime:2.0.0] AndroidManifest.xml:17:1-22:12
MERGED from [androidx.lifecycle:lifecycle-viewmodel:2.0.0] AndroidManifest.xml:17:1-22:12
MERGED from [androidx.versionedparcelable:versionedparcelable:1.0.0] AndroidManifest.xml:17:1-25:12
MERGED from [androidx.cursoradapter:cursoradapter:1.0.0] AndroidManifest.xml:17:1-22:12
MERGED from [androidx.interpolator:interpolator:1.0.0] AndroidManifest.xml:17:1-22:12
MERGED from [androidx.documentfile:documentfile:1.0.0] AndroidManifest.xml:17:1-22:12
MERGED from [androidx.localbroadcastmanager:localbroadcastmanager:1.0.0] AndroidManifest.xml:17:1-22:12
MERGED from [androidx.print:print:1.0.0] AndroidManifest.xml:17:1-22:12
INJECTED from src/main/AndroidManifest.xml:2:1-228:12
INJECTED from src/main/AndroidManifest.xml:2:1-228:12
INJECTED from src/main/AndroidManifest.xml:2:1-228:12
	package
		ADDED from src/main/AndroidManifest.xml:4:5-47
		INJECTED from src/main/AndroidManifest.xml
		INJECTED from src/main/AndroidManifest.xml
	android:versionName
		INJECTED from src/main/AndroidManifest.xml
		ADDED from src/main/AndroidManifest.xml:2:1-228:12
		INJECTED from src/main/AndroidManifest.xml
	xmlns:tools
		ADDED from src/main/AndroidManifest.xml:3:5-51
	android:versionCode
		INJECTED from src/main/AndroidManifest.xml
		ADDED from src/main/AndroidManifest.xml:2:1-228:12
		INJECTED from src/main/AndroidManifest.xml
	xmlns:android
		ADDED from src/main/AndroidManifest.xml:2:11-69
uses-permission#android.permission.CHANGE_WIFI_STATE
ADDED from src/main/AndroidManifest.xml:6:5-76
	android:name
		ADDED from src/main/AndroidManifest.xml:6:22-73
uses-permission#android.permission.FOREGROUND_SERVICE
ADDED from src/main/AndroidManifest.xml:7:5-77
	android:name
		ADDED from src/main/AndroidManifest.xml:7:22-74
uses-permission#android.permission.RECEIVE_BOOT_COMPLETED
ADDED from src/main/AndroidManifest.xml:8:5-81
	android:name
		ADDED from src/main/AndroidManifest.xml:8:22-78
uses-permission#android.permission.WRITE_EXTERNAL_STORAGE
ADDED from src/main/AndroidManifest.xml:9:5-81
	android:name
		ADDED from src/main/AndroidManifest.xml:9:22-78
uses-permission#android.permission.INTERNET
ADDED from src/main/AndroidManifest.xml:10:5-67
	android:name
		ADDED from src/main/AndroidManifest.xml:10:22-64
uses-permission#android.permission.READ_EXTERNAL_STORAGE
ADDED from src/main/AndroidManifest.xml:11:5-80
	android:name
		ADDED from src/main/AndroidManifest.xml:11:22-77
uses-permission#android.permission.ACCESS_NETWORK_STATE
ADDED from src/main/AndroidManifest.xml:12:5-79
	android:name
		ADDED from src/main/AndroidManifest.xml:12:22-76
uses-permission#android.permission.CHANGE_NETWORK_STATE
ADDED from src/main/AndroidManifest.xml:14:5-79
	android:name
		ADDED from src/main/AndroidManifest.xml:14:22-76
uses-permission#android.permission.MODIFY_PHONE_STATE
ADDED from src/main/AndroidManifest.xml:17:5-19:63
	tools:ignore
		ADDED from src/main/AndroidManifest.xml:19:9-44
	android:name
		ADDED from src/main/AndroidManifest.xml:18:9-61
application
ADDED from src/main/AndroidManifest.xml:27:5-225:19
MERGED from [com.google.android.material:material:1.0.0-beta01] AndroidManifest.xml:22:5-20
MERGED from [com.google.android.material:material:1.0.0-beta01] AndroidManifest.xml:22:5-20
MERGED from [androidx.constraintlayout:constraintlayout:1.1.3] AndroidManifest.xml:9:5-20
MERGED from [androidx.constraintlayout:constraintlayout:1.1.3] AndroidManifest.xml:9:5-20
MERGED from [androidx.lifecycle:lifecycle-extensions:2.0.0] AndroidManifest.xml:22:5-23:19
MERGED from [androidx.lifecycle:lifecycle-extensions:2.0.0] AndroidManifest.xml:22:5-23:19
MERGED from [androidx.lifecycle:lifecycle-process:2.0.0] AndroidManifest.xml:22:5-28:19
MERGED from [androidx.lifecycle:lifecycle-process:2.0.0] AndroidManifest.xml:22:5-28:19
MERGED from [androidx.core:core:1.0.0] AndroidManifest.xml:22:5-89
MERGED from [androidx.core:core:1.0.0] AndroidManifest.xml:22:5-89
MERGED from [org.litepal.android:core:1.4.1] AndroidManifest.xml:11:5-14:19
MERGED from [org.litepal.android:core:1.4.1] AndroidManifest.xml:11:5-14:19
MERGED from [androidx.versionedparcelable:versionedparcelable:1.0.0] AndroidManifest.xml:22:5-23:19
MERGED from [androidx.versionedparcelable:versionedparcelable:1.0.0] AndroidManifest.xml:22:5-23:19
	android:appComponentFactory
		ADDED from [androidx.core:core:1.0.0] AndroidManifest.xml:22:18-86
	android:supportsRtl
		ADDED from src/main/AndroidManifest.xml:33:9-35
	android:label
		ADDED from src/main/AndroidManifest.xml:31:9-41
	android:roundIcon
		ADDED from src/main/AndroidManifest.xml:32:9-54
	android:icon
		ADDED from src/main/AndroidManifest.xml:30:9-43
	android:allowBackup
		ADDED from src/main/AndroidManifest.xml:29:9-35
	android:theme
		ADDED from src/main/AndroidManifest.xml:35:9-40
	android:networkSecurityConfig
		ADDED from src/main/AndroidManifest.xml:34:9-69
	android:name
		ADDED from src/main/AndroidManifest.xml:28:9-50
activity#com.example.componentasystemtest.TabedActivity.TabedActivity
ADDED from src/main/AndroidManifest.xml:36:9-39:68
	android:label
		ADDED from src/main/AndroidManifest.xml:38:13-57
	android:theme
		ADDED from src/main/AndroidManifest.xml:39:13-56
	android:name
		ADDED from src/main/AndroidManifest.xml:37:13-56
activity#com.example.componentasystemtest.MediaPlayer.MediaPlayerActivity
ADDED from src/main/AndroidManifest.xml:40:9-43:20
	android:name
		ADDED from src/main/AndroidManifest.xml:40:19-66
activity#com.example.componentasystemtest.photoZip.PhotoZipActivity
ADDED from src/main/AndroidManifest.xml:44:9-47:20
	android:name
		ADDED from src/main/AndroidManifest.xml:44:19-60
activity#com.example.componentasystemtest.ScreenTest.ScreenTestActivity
ADDED from src/main/AndroidManifest.xml:48:9-51:20
	android:name
		ADDED from src/main/AndroidManifest.xml:48:19-64
activity#com.example.componentasystemtest.asyncTask.LoaderActivity
ADDED from src/main/AndroidManifest.xml:52:9-55:20
	android:name
		ADDED from src/main/AndroidManifest.xml:52:19-59
activity#com.example.componentasystemtest.asyncTask.AsyncActivity
ADDED from src/main/AndroidManifest.xml:56:9-58:20
	android:name
		ADDED from src/main/AndroidManifest.xml:56:19-58
activity#com.example.componentasystemtest.surface.Demo3Activity
ADDED from src/main/AndroidManifest.xml:59:9-59
	android:name
		ADDED from src/main/AndroidManifest.xml:59:19-56
activity#com.example.componentasystemtest.viewDragHelper.MyActivity
ADDED from src/main/AndroidManifest.xml:60:9-63
	android:name
		ADDED from src/main/AndroidManifest.xml:60:19-60
activity#com.example.componentasystemtest.xml.MainActivity
ADDED from src/main/AndroidManifest.xml:61:9-54
	android:name
		ADDED from src/main/AndroidManifest.xml:61:19-51
activity#com.example.componentasystemtest.Annomation.MyActivityDemo7
ADDED from src/main/AndroidManifest.xml:62:9-64
	android:name
		ADDED from src/main/AndroidManifest.xml:62:19-61
activity#com.example.componentasystemtest.scrollview.viewGroup.MyActivity
ADDED from src/main/AndroidManifest.xml:63:9-69
	android:name
		ADDED from src/main/AndroidManifest.xml:63:19-66
activity#com.example.componentasystemtest.ColorMetrix.MyActivity
ADDED from src/main/AndroidManifest.xml:64:9-60
	android:name
		ADDED from src/main/AndroidManifest.xml:64:19-57
activity#com.example.componentasystemtest.scrollview.Activity.ScrollViewDemo1Activity
ADDED from src/main/AndroidManifest.xml:65:9-81
	android:name
		ADDED from src/main/AndroidManifest.xml:65:19-78
activity#com.example.componentasystemtest.scrollview.Activity.HerizontalScrollViewGroupActivity
ADDED from src/main/AndroidManifest.xml:66:9-91
	android:name
		ADDED from src/main/AndroidManifest.xml:66:19-88
activity#com.example.componentasystemtest.palette.MyPaletteActivity
ADDED from src/main/AndroidManifest.xml:67:9-63
	android:name
		ADDED from src/main/AndroidManifest.xml:67:19-60
activity#com.example.componentasystemtest.notification.MyNotificationActivity
ADDED from src/main/AndroidManifest.xml:68:9-82
	android:name
		ADDED from src/main/AndroidManifest.xml:68:19-70
activity#com.example.componentasystemtest.moveLinearViewDisplay.LinearActivity
ADDED from src/main/AndroidManifest.xml:69:9-74
	android:name
		ADDED from src/main/AndroidManifest.xml:69:19-71
activity#com.example.componentasystemtest.downloadService.activity.EnvirnmentFilePathTestActivity
ADDED from src/main/AndroidManifest.xml:70:9-93
	android:name
		ADDED from src/main/AndroidManifest.xml:70:19-90
activity#com.example.componentasystemtest.downloadService.activity.DownloadFileTestActivity
ADDED from src/main/AndroidManifest.xml:71:9-87
	android:name
		ADDED from src/main/AndroidManifest.xml:71:19-84
activity#com.example.componentasystemtest.density.Density
ADDED from src/main/AndroidManifest.xml:72:9-53
	android:name
		ADDED from src/main/AndroidManifest.xml:72:19-50
activity#com.example.componentasystemtest.DecorView.DectorActivity
ADDED from src/main/AndroidManifest.xml:73:9-62
	android:name
		ADDED from src/main/AndroidManifest.xml:73:19-59
activity#com.example.componentasystemtest.consumeViewAttribute.AttrActivity
ADDED from src/main/AndroidManifest.xml:74:9-71
	android:name
		ADDED from src/main/AndroidManifest.xml:74:19-68
activity#com.example.componentasystemtest.circular.MyCircularReveal
ADDED from src/main/AndroidManifest.xml:75:9-63
	android:name
		ADDED from src/main/AndroidManifest.xml:75:19-60
activity#com.example.componentasystemtest.canvas.MainActivity.MyViewGroupTestActivity
ADDED from src/main/AndroidManifest.xml:76:9-81
	android:name
		ADDED from src/main/AndroidManifest.xml:76:19-78
activity#com.example.componentasystemtest.canvas.MainActivity.Activity
ADDED from src/main/AndroidManifest.xml:77:9-66
	android:name
		ADDED from src/main/AndroidManifest.xml:77:19-63
service#com.example.componentasystemtest.downloadService.service.DownloadService
ADDED from src/main/AndroidManifest.xml:79:9-76
	android:name
		ADDED from src/main/AndroidManifest.xml:79:18-73
receiver#com.example.componentasystemtest.broadcastTest.baseUse.MyBroadcastReceiver
ADDED from src/main/AndroidManifest.xml:81:9-85:20
	android:name
		ADDED from src/main/AndroidManifest.xml:81:19-76
intent-filter#action:name:com.example.componentasystemtest.broadcastTest
ADDED from src/main/AndroidManifest.xml:82:13-84:29
action#com.example.componentasystemtest.broadcastTest
ADDED from src/main/AndroidManifest.xml:83:17-89
	android:name
		ADDED from src/main/AndroidManifest.xml:83:25-86
activity#com.example.componentasystemtest.broadcastTest.baseUse.MainActivity
ADDED from src/main/AndroidManifest.xml:87:9-90:20
	android:name
		ADDED from src/main/AndroidManifest.xml:87:19-69
activity#com.example.componentasystemtest.view.ViewBgActivity
ADDED from src/main/AndroidManifest.xml:91:9-94:20
	android:name
		ADDED from src/main/AndroidManifest.xml:91:19-54
activity#com.example.componentasystemtest.JobScheduler.simple2.JobSchedulerActivity
ADDED from src/main/AndroidManifest.xml:95:9-79
	android:name
		ADDED from src/main/AndroidManifest.xml:95:19-76
activity#com.example.componentasystemtest.dialog.simple1.DialogActivity
ADDED from src/main/AndroidManifest.xml:96:9-99:20
	android:name
		ADDED from src/main/AndroidManifest.xml:96:19-64
activity#com.example.componentasystemtest.dialog.Simple2.DialogWidthTestActivity
ADDED from src/main/AndroidManifest.xml:100:9-105:20
	android:theme
		ADDED from src/main/AndroidManifest.xml:102:13-69
	android:name
		ADDED from src/main/AndroidManifest.xml:101:13-67
activity#com.example.componentasystemtest.serializable.fragmentSerializableTest.FragmentSerizlizableActivity
ADDED from src/main/AndroidManifest.xml:106:9-104
	android:name
		ADDED from src/main/AndroidManifest.xml:106:19-101
activity#com.example.componentasystemtest.musicPlay.simple2.MusicListActivity
ADDED from src/main/AndroidManifest.xml:107:9-109:20
	android:name
		ADDED from src/main/AndroidManifest.xml:107:19-70
activity#com.example.componentasystemtest.musicPlay.simple3.MediaPlayerActivity
ADDED from src/main/AndroidManifest.xml:110:9-112:20
	android:name
		ADDED from src/main/AndroidManifest.xml:110:19-72
activity#com.example.componentasystemtest.appProtectedAlive.doubleProcessProtected.AppProtectedActivity
ADDED from src/main/AndroidManifest.xml:113:9-115:20
	android:name
		ADDED from src/main/AndroidManifest.xml:113:19-96
activity#com.example.componentasystemtest.appProtectedAlive.onePixelActivity.SinglePixelActivity
ADDED from src/main/AndroidManifest.xml:116:9-92
	android:name
		ADDED from src/main/AndroidManifest.xml:116:19-89
activity#com.example.componentasystemtest.appProtectedAlive.onePixelActivity.OnePixelActivity
ADDED from src/main/AndroidManifest.xml:117:9-119:20
	android:name
		ADDED from src/main/AndroidManifest.xml:117:19-86
activity#com.example.componentasystemtest.appProtectedAlive.nullNotification.NullNotificationActivity
ADDED from src/main/AndroidManifest.xml:120:9-122:20
	android:name
		ADDED from src/main/AndroidManifest.xml:120:19-94
activity#com.example.componentasystemtest.appProtectedAlive.jobScheduler.JobActivity
ADDED from src/main/AndroidManifest.xml:123:9-125:20
	android:name
		ADDED from src/main/AndroidManifest.xml:123:19-77
activity#com.example.componentasystemtest.sqlite.DaoOprateActivity
ADDED from src/main/AndroidManifest.xml:128:9-130:20
	android:name
		ADDED from src/main/AndroidManifest.xml:128:19-59
activity#com.example.componentasystemtest.broadcastTest.netStatusChange.NetChangeActivity
ADDED from src/main/AndroidManifest.xml:131:9-133:20
	android:name
		ADDED from src/main/AndroidManifest.xml:131:19-82
activity#com.example.componentasystemtest.AppEnabled.AppEnableActivity
ADDED from src/main/AndroidManifest.xml:134:9-136:20
	android:name
		ADDED from src/main/AndroidManifest.xml:134:19-63
activity#com.example.componentasystemtest.AlarmManager.AlarmActivity
ADDED from src/main/AndroidManifest.xml:137:9-139:20
	android:name
		ADDED from src/main/AndroidManifest.xml:137:19-61
activity#com.example.componentasystemtest.JobScheduler.simple3.JobScheActivity
ADDED from src/main/AndroidManifest.xml:140:9-142:20
	android:name
		ADDED from src/main/AndroidManifest.xml:140:19-71
activity#com.example.componentasystemtest.windowManager.WindowManagerActivity
ADDED from src/main/AndroidManifest.xml:143:9-145:68
	android:theme
		ADDED from src/main/AndroidManifest.xml:145:13-56
	android:name
		ADDED from src/main/AndroidManifest.xml:144:13-64
activity#com.example.componentasystemtest.popupWindow.PopWindowActivity
ADDED from src/main/AndroidManifest.xml:147:9-76
	android:name
		ADDED from src/main/AndroidManifest.xml:147:19-64
activity#com.example.componentasystemtest.ProjectListActivity
ADDED from src/main/AndroidManifest.xml:150:9-155:20
	android:name
		ADDED from src/main/AndroidManifest.xml:150:19-54
intent-filter#action:name:android.intent.action.MAIN+category:name:android.intent.category.LAUNCHER
ADDED from src/main/AndroidManifest.xml:151:13-154:29
action#android.intent.action.MAIN
ADDED from src/main/AndroidManifest.xml:152:17-69
	android:name
		ADDED from src/main/AndroidManifest.xml:152:25-66
category#android.intent.category.LAUNCHER
ADDED from src/main/AndroidManifest.xml:153:17-77
	android:name
		ADDED from src/main/AndroidManifest.xml:153:27-74
activity#com.example.componentasystemtest.handler.HandlerPrincipleActivity
ADDED from src/main/AndroidManifest.xml:156:9-70
	android:name
		ADDED from src/main/AndroidManifest.xml:156:19-67
activity#com.example.componentasystemtest.MediaPlayer.VideoPlayerActivity
ADDED from src/main/AndroidManifest.xml:157:9-69
	android:name
		ADDED from src/main/AndroidManifest.xml:157:19-66
activity#com.example.componentasystemtest.MediaPlayer.VideoPlayer1Activity
ADDED from src/main/AndroidManifest.xml:158:9-70
	android:name
		ADDED from src/main/AndroidManifest.xml:158:19-67
activity#com.example.componentasystemtest.editText_inputManager_trans.InputManager_Activity
ADDED from src/main/AndroidManifest.xml:159:9-161:64
	android:windowSoftInputMode
		ADDED from src/main/AndroidManifest.xml:161:13-61
	android:name
		ADDED from src/main/AndroidManifest.xml:160:13-78
activity#com.example.componentasystemtest.net.NetRequestActivity
ADDED from src/main/AndroidManifest.xml:162:9-60
	android:name
		ADDED from src/main/AndroidManifest.xml:162:19-57
service#com.example.componentasystemtest.JobScheduler.simple1.DownloadJobService
ADDED from src/main/AndroidManifest.xml:167:9-170:72
	android:exported
		ADDED from src/main/AndroidManifest.xml:169:13-36
	android:permission
		ADDED from src/main/AndroidManifest.xml:170:13-69
	android:name
		ADDED from src/main/AndroidManifest.xml:168:13-68
service#com.example.componentasystemtest.JobScheduler.simple2.MyJobService
ADDED from src/main/AndroidManifest.xml:171:9-174:72
	android:exported
		ADDED from src/main/AndroidManifest.xml:173:13-36
	android:permission
		ADDED from src/main/AndroidManifest.xml:174:13-69
	android:name
		ADDED from src/main/AndroidManifest.xml:172:13-62
service#com.example.componentasystemtest.musicPlay.simple2.PlayService
ADDED from src/main/AndroidManifest.xml:175:9-66
	android:name
		ADDED from src/main/AndroidManifest.xml:175:18-63
service#com.example.componentasystemtest.appProtectedAlive.doubleProcessProtected.LocalService
ADDED from src/main/AndroidManifest.xml:180:9-90
	android:name
		ADDED from src/main/AndroidManifest.xml:180:18-87
service#com.example.componentasystemtest.appProtectedAlive.doubleProcessProtected.RemoteService
ADDED from src/main/AndroidManifest.xml:185:9-187:41
	android:process
		ADDED from src/main/AndroidManifest.xml:187:13-38
	android:name
		ADDED from src/main/AndroidManifest.xml:186:13-83
service#com.example.componentasystemtest.appProtectedAlive.nullNotification.KeepLiveService$InnerService
ADDED from src/main/AndroidManifest.xml:188:9-100
	android:name
		ADDED from src/main/AndroidManifest.xml:188:18-97
service#com.example.componentasystemtest.appProtectedAlive.nullNotification.KeepLiveService
ADDED from src/main/AndroidManifest.xml:189:9-87
	android:name
		ADDED from src/main/AndroidManifest.xml:189:18-84
service#com.example.componentasystemtest.appProtectedAlive.jobScheduler.JobActivity$MyJobService
ADDED from src/main/AndroidManifest.xml:192:9-195:80
	android:exported
		ADDED from src/main/AndroidManifest.xml:194:13-36
	android:permission
		ADDED from src/main/AndroidManifest.xml:195:13-69
	android:name
		ADDED from src/main/AndroidManifest.xml:193:13-84
service#com.example.componentasystemtest.broadcastTest.netStatusChange.MyJobService
ADDED from src/main/AndroidManifest.xml:198:9-201:72
	android:exported
		ADDED from src/main/AndroidManifest.xml:200:13-36
	android:permission
		ADDED from src/main/AndroidManifest.xml:201:13-69
	android:name
		ADDED from src/main/AndroidManifest.xml:199:13-71
service#com.example.componentasystemtest.AlarmManager.service.OneShotAlarm
ADDED from src/main/AndroidManifest.xml:202:9-70
	android:name
		ADDED from src/main/AndroidManifest.xml:202:18-67
service#com.example.componentasystemtest.JobScheduler.simple3.JobSchedulerService
ADDED from src/main/AndroidManifest.xml:205:9-208:72
	android:exported
		ADDED from src/main/AndroidManifest.xml:207:13-36
	android:permission
		ADDED from src/main/AndroidManifest.xml:208:13-69
	android:name
		ADDED from src/main/AndroidManifest.xml:206:13-69
receiver#com.example.componentasystemtest.broadcastTest.netStatusChange.NetChangeBroadcast
ADDED from src/main/AndroidManifest.xml:211:9-215:20
	android:name
		ADDED from src/main/AndroidManifest.xml:211:19-83
intent-filter#action:name: android.net.conn.CONNECTIVITY_CHANGE
ADDED from src/main/AndroidManifest.xml:212:13-214:29
action# android.net.conn.CONNECTIVITY_CHANGE
ADDED from src/main/AndroidManifest.xml:213:17-87
	android:name
		ADDED from src/main/AndroidManifest.xml:213:25-77
receiver#com.example.componentasystemtest.AlarmManager.broadcast.MyBroadcast
ADDED from src/main/AndroidManifest.xml:218:9-222:20
	android:name
		ADDED from src/main/AndroidManifest.xml:218:19-69
intent-filter#action:name:MyBroadcast
ADDED from src/main/AndroidManifest.xml:219:13-221:29
action#MyBroadcast
ADDED from src/main/AndroidManifest.xml:220:17-61
	android:name
		ADDED from src/main/AndroidManifest.xml:220:25-51
uses-sdk
INJECTED from src/main/AndroidManifest.xml reason: use-sdk injection requested
INJECTED from src/main/AndroidManifest.xml
INJECTED from src/main/AndroidManifest.xml
MERGED from [com.google.android.material:material:1.0.0-beta01] AndroidManifest.xml:20:5-44
MERGED from [com.google.android.material:material:1.0.0-beta01] AndroidManifest.xml:20:5-44
MERGED from [androidx.appcompat:appcompat:1.0.0-beta01] AndroidManifest.xml:20:5-44
MERGED from [androidx.appcompat:appcompat:1.0.0-beta01] AndroidManifest.xml:20:5-44
MERGED from [androidx.constraintlayout:constraintlayout:1.1.3] AndroidManifest.xml:5:5-7:41
MERGED from [androidx.constraintlayout:constraintlayout:1.1.3] AndroidManifest.xml:5:5-7:41
MERGED from [androidx.palette:palette:1.0.0-beta01] AndroidManifest.xml:20:5-44
MERGED from [androidx.palette:palette:1.0.0-beta01] AndroidManifest.xml:20:5-44
MERGED from [androidx.legacy:legacy-support-v4:1.0.0-beta01] AndroidManifest.xml:20:5-44
MERGED from [androidx.legacy:legacy-support-v4:1.0.0-beta01] AndroidManifest.xml:20:5-44
MERGED from [androidx.lifecycle:lifecycle-extensions:2.0.0] AndroidManifest.xml:20:5-44
MERGED from [androidx.lifecycle:lifecycle-extensions:2.0.0] AndroidManifest.xml:20:5-44
MERGED from [androidx.lifecycle:lifecycle-process:2.0.0] AndroidManifest.xml:20:5-44
MERGED from [androidx.lifecycle:lifecycle-process:2.0.0] AndroidManifest.xml:20:5-44
MERGED from [androidx.lifecycle:lifecycle-service:2.0.0] AndroidManifest.xml:20:5-44
MERGED from [androidx.lifecycle:lifecycle-service:2.0.0] AndroidManifest.xml:20:5-44
MERGED from [androidx.vectordrawable:vectordrawable-animated:1.0.0-beta01] AndroidManifest.xml:20:5-44
MERGED from [androidx.vectordrawable:vectordrawable-animated:1.0.0-beta01] AndroidManifest.xml:20:5-44
MERGED from [androidx.vectordrawable:vectordrawable:1.0.0-beta01] AndroidManifest.xml:20:5-44
MERGED from [androidx.vectordrawable:vectordrawable:1.0.0-beta01] AndroidManifest.xml:20:5-44
MERGED from [androidx.transition:transition:1.0.0-beta01] AndroidManifest.xml:20:5-44
MERGED from [androidx.transition:transition:1.0.0-beta01] AndroidManifest.xml:20:5-44
MERGED from [androidx.recyclerview:recyclerview:1.0.0-beta01] AndroidManifest.xml:20:5-44
MERGED from [androidx.recyclerview:recyclerview:1.0.0-beta01] AndroidManifest.xml:20:5-44
MERGED from [androidx.media:media:1.0.0-beta01] AndroidManifest.xml:20:5-44
MERGED from [androidx.media:media:1.0.0-beta01] AndroidManifest.xml:20:5-44
MERGED from [androidx.fragment:fragment:1.0.0] AndroidManifest.xml:20:5-44
MERGED from [androidx.fragment:fragment:1.0.0] AndroidManifest.xml:20:5-44
MERGED from [com.jakewharton:butterknife:10.1.0] AndroidManifest.xml:5:5-44
MERGED from [com.jakewharton:butterknife:10.1.0] AndroidManifest.xml:5:5-44
MERGED from [com.jakewharton:butterknife-runtime:10.1.0] AndroidManifest.xml:5:5-44
MERGED from [com.jakewharton:butterknife-runtime:10.1.0] AndroidManifest.xml:5:5-44
MERGED from [androidx.legacy:legacy-support-core-ui:1.0.0] AndroidManifest.xml:20:5-44
MERGED from [androidx.legacy:legacy-support-core-ui:1.0.0] AndroidManifest.xml:20:5-44
MERGED from [androidx.legacy:legacy-support-core-utils:1.0.0] AndroidManifest.xml:20:5-44
MERGED from [androidx.legacy:legacy-support-core-utils:1.0.0] AndroidManifest.xml:20:5-44
MERGED from [androidx.loader:loader:1.0.0] AndroidManifest.xml:20:5-44
MERGED from [androidx.loader:loader:1.0.0] AndroidManifest.xml:20:5-44
MERGED from [androidx.viewpager:viewpager:1.0.0] AndroidManifest.xml:20:5-44
MERGED from [androidx.viewpager:viewpager:1.0.0] AndroidManifest.xml:20:5-44
MERGED from [androidx.coordinatorlayout:coordinatorlayout:1.0.0] AndroidManifest.xml:20:5-44
MERGED from [androidx.coordinatorlayout:coordinatorlayout:1.0.0] AndroidManifest.xml:20:5-44
MERGED from [androidx.drawerlayout:drawerlayout:1.0.0] AndroidManifest.xml:20:5-44
MERGED from [androidx.drawerlayout:drawerlayout:1.0.0] AndroidManifest.xml:20:5-44
MERGED from [androidx.slidingpanelayout:slidingpanelayout:1.0.0] AndroidManifest.xml:20:5-44
MERGED from [androidx.slidingpanelayout:slidingpanelayout:1.0.0] AndroidManifest.xml:20:5-44
MERGED from [androidx.customview:customview:1.0.0] AndroidManifest.xml:20:5-44
MERGED from [androidx.customview:customview:1.0.0] AndroidManifest.xml:20:5-44
MERGED from [androidx.swiperefreshlayout:swiperefreshlayout:1.0.0] AndroidManifest.xml:20:5-44
MERGED from [androidx.swiperefreshlayout:swiperefreshlayout:1.0.0] AndroidManifest.xml:20:5-44
MERGED from [androidx.asynclayoutinflater:asynclayoutinflater:1.0.0] AndroidManifest.xml:20:5-44
MERGED from [androidx.asynclayoutinflater:asynclayoutinflater:1.0.0] AndroidManifest.xml:20:5-44
MERGED from [androidx.core:core:1.0.0] AndroidManifest.xml:20:5-44
MERGED from [androidx.core:core:1.0.0] AndroidManifest.xml:20:5-44
MERGED from [androidx.lifecycle:lifecycle-runtime:2.0.0] AndroidManifest.xml:20:5-44
MERGED from [androidx.lifecycle:lifecycle-runtime:2.0.0] AndroidManifest.xml:20:5-44
MERGED from [org.litepal.android:core:1.4.1] AndroidManifest.xml:7:5-9:41
MERGED from [org.litepal.android:core:1.4.1] AndroidManifest.xml:7:5-9:41
MERGED from [androidx.cardview:cardview:1.0.0-beta01] AndroidManifest.xml:20:5-44
MERGED from [androidx.cardview:cardview:1.0.0-beta01] AndroidManifest.xml:20:5-44
MERGED from [androidx.lifecycle:lifecycle-livedata:2.0.0] AndroidManifest.xml:20:5-44
MERGED from [androidx.lifecycle:lifecycle-livedata:2.0.0] AndroidManifest.xml:20:5-44
MERGED from [androidx.lifecycle:lifecycle-livedata-core:2.0.0] AndroidManifest.xml:20:5-44
MERGED from [androidx.lifecycle:lifecycle-livedata-core:2.0.0] AndroidManifest.xml:20:5-44
MERGED from [androidx.arch.core:core-runtime:2.0.0] AndroidManifest.xml:20:5-44
MERGED from [androidx.arch.core:core-runtime:2.0.0] AndroidManifest.xml:20:5-44
MERGED from [androidx.lifecycle:lifecycle-viewmodel:2.0.0] AndroidManifest.xml:20:5-44
MERGED from [androidx.lifecycle:lifecycle-viewmodel:2.0.0] AndroidManifest.xml:20:5-44
MERGED from [androidx.versionedparcelable:versionedparcelable:1.0.0] AndroidManifest.xml:20:5-44
MERGED from [androidx.versionedparcelable:versionedparcelable:1.0.0] AndroidManifest.xml:20:5-44
MERGED from [androidx.cursoradapter:cursoradapter:1.0.0] AndroidManifest.xml:20:5-44
MERGED from [androidx.cursoradapter:cursoradapter:1.0.0] AndroidManifest.xml:20:5-44
MERGED from [androidx.interpolator:interpolator:1.0.0] AndroidManifest.xml:20:5-44
MERGED from [androidx.interpolator:interpolator:1.0.0] AndroidManifest.xml:20:5-44
MERGED from [androidx.documentfile:documentfile:1.0.0] AndroidManifest.xml:20:5-44
MERGED from [androidx.documentfile:documentfile:1.0.0] AndroidManifest.xml:20:5-44